\BOOKMARK [1][-]{section.1}{Cahier des charges}{}% 1
\BOOKMARK [2][-]{subsection.1.1}{Contexte}{section.1}% 2
\BOOKMARK [2][-]{subsection.1.2}{But du projet}{section.1}% 3
\BOOKMARK [1][-]{section.2}{\311tat de l'art}{}% 4
\BOOKMARK [2][-]{subsection.2.1}{Consent-o-matic}{section.2}% 5
\BOOKMARK [2][-]{subsection.2.2}{BERT}{section.2}% 6
\BOOKMARK [1][-]{section.3}{Travail effectu\351}{}% 7
\BOOKMARK [2][-]{subsection.3.1}{Structuration de l'application}{section.3}% 8
\BOOKMARK [2][-]{subsection.3.2}{Recherches pr\351liminaires}{section.3}% 9
\BOOKMARK [2][-]{subsection.3.3}{Collecte de donn\351es}{section.3}% 10
\BOOKMARK [3][-]{subsubsection.3.3.1}{D\351tection de banni\350res}{subsection.3.3}% 11
\BOOKMARK [3][-]{subsubsection.3.3.2}{Collecte des libell\351s de cat\351gories}{subsection.3.3}% 12
\BOOKMARK [2][-]{subsection.3.4}{Mod\351lisation}{section.3}% 13
\BOOKMARK [3][-]{subsubsection.3.4.1}{Pr\351processing}{subsection.3.4}% 14
\BOOKMARK [3][-]{subsubsection.3.4.2}{Entra\356nement du mod\350le}{subsection.3.4}% 15
\BOOKMARK [3][-]{subsubsection.3.4.3}{Augmentation du dataset}{subsection.3.4}% 16
\BOOKMARK [2][-]{subsection.3.5}{Extension}{section.3}% 17
\BOOKMARK [1][-]{section.4}{Suites du projet}{}% 18
\BOOKMARK [2][-]{subsection.4.1}{Int\351ractions avec la banni\350re}{section.4}% 19
\BOOKMARK [2][-]{subsection.4.2}{Classifieur}{section.4}% 20
\BOOKMARK [2][-]{subsection.4.3}{Int\351gration dans l'extension}{section.4}% 21
\BOOKMARK [1][-]{section.5}{Si c'\351tait \340 refaire}{}% 22
